[debug] [2024-09-13T08:17:40.932Z] ----------------------------------------------------------------------
[debug] [2024-09-13T08:17:40.939Z] Command:       C:\Program Files\nodejs\node.exe C:\Users\Student\AppData\Roaming\npm\node_modules\firebase-tools\lib\bin\firebase.js init
[debug] [2024-09-13T08:17:40.939Z] CLI Version:   13.0.3
[debug] [2024-09-13T08:17:40.939Z] Platform:      win32
[debug] [2024-09-13T08:17:40.940Z] Node Version:  v22.1.0
[debug] [2024-09-13T08:17:40.940Z] Time:          Fri Sep 13 2024 10:17:40 GMT+0200 (South Africa Standard Time)
[debug] [2024-09-13T08:17:40.940Z] ----------------------------------------------------------------------
[debug] 
[debug] [2024-09-13T08:17:40.943Z] >>> [apiv2][query] GET https://firebase-public.firebaseio.com/cli.json [none]
[debug] [2024-09-13T08:17:41.002Z] > command requires scopes: ["email","openid","https://www.googleapis.com/auth/cloudplatformprojects.readonly","https://www.googleapis.com/auth/firebase","https://www.googleapis.com/auth/cloud-platform"]
[debug] [2024-09-13T08:17:41.003Z] > authorizing via signed-in user (gwibantulini8@gmail.com)
[info] 
     ######## #### ########  ######## ########     ###     ######  ########
     ##        ##  ##     ## ##       ##     ##  ##   ##  ##       ##
     ######    ##  ########  ######   ########  #########  ######  ######
     ##        ##  ##    ##  ##       ##     ## ##     ##       ## ##
     ##       #### ##     ## ######## ########  ##     ##  ######  ########

You're about to initialize a Firebase project in this directory:

  C:\Users\Student\Documents\Workshop\Capstone\frontend

[debug] [2024-09-13T08:17:41.795Z] <<< [apiv2][status] GET https://firebase-public.firebaseio.com/cli.json 200
[debug] [2024-09-13T08:17:41.795Z] <<< [apiv2][body] GET https://firebase-public.firebaseio.com/cli.json {"cloudBuildErrorAfter":1594252800000,"cloudBuildWarnAfter":1590019200000,"defaultNode10After":1594252800000,"minVersion":"3.0.5","node8DeploysDisabledAfter":1613390400000,"node8RuntimeDisabledAfter":1615809600000,"node8WarnAfter":1600128000000}
